[2019-09-05T13:10:07.492] [INFO] editLog - 1567721389056
[2019-09-05T13:10:07.492] [INFO] editLog - 1567721407491
[2019-09-05T13:10:07.492] [INFO] editLog - 0.005120833333333333
[2019-09-05T13:10:07.493] [INFO] editLog - 0.30724999999999997
[2019-09-05T13:10:07.493] [INFO] editLog - 18.435
[2019-09-05T13:10:07.493] [INFO] editLog - chokunariが企業ID9613を0.005120833333333333:0.30724999999999997:18.435で編集しました。
[2019-09-05T13:13:04.692] [INFO] editLog - 1567721569149
[2019-09-05T13:13:04.692] [INFO] editLog - 1567721584692
[2019-09-05T13:13:04.693] [INFO] editLog - 0.0043175
[2019-09-05T13:13:04.693] [INFO] editLog - 0.25905
[2019-09-05T13:13:04.693] [INFO] editLog - 15.543
[2019-09-05T13:13:04.693] [INFO] editLog - chokunariが企業ID9613を0:0:16で編集しました。
[2019-09-05T13:48:40.780] [INFO] editLog - undefined
[2019-09-05T13:48:40.780] [INFO] editLog - 1567723720779
[2019-09-05T13:48:40.780] [INFO] editLog - NaN
[2019-09-05T13:48:40.781] [INFO] editLog - NaN
[2019-09-05T13:48:40.781] [INFO] editLog - NaN
[2019-09-05T13:48:40.781] [INFO] editLog - undefinedが企業IDundefinedをaN:aN:aNで編集しました。
[2019-09-05T13:49:39.118] [INFO] editLog - 1567723766215
[2019-09-05T13:49:39.118] [INFO] editLog - 1567723779118
[2019-09-05T13:49:39.119] [INFO] editLog - 0.0035841666666666665
[2019-09-05T13:49:39.119] [INFO] editLog - 0.21505
[2019-09-05T13:49:39.120] [INFO] editLog - 12.902999999999999
[2019-09-05T13:49:39.120] [INFO] editLog - chokunariが企業ID9613を00:00:13で編集しました。
